2021-04-13 23:29:32 [scrapy.extensions.telnet] INFO: Telnet Password: 4a0ee6780b4ee9f2
2021-04-13 23:29:32 [scrapy.middleware] INFO: Enabled extensions:
['scrapy.extensions.corestats.CoreStats',
 'scrapy.extensions.telnet.TelnetConsole',
 'scrapy.extensions.memusage.MemoryUsage',
 'scrapy.extensions.logstats.LogStats']
2021-04-13 23:29:32 [scrapy.middleware] INFO: Enabled downloader middlewares:
['scrapy.downloadermiddlewares.httpauth.HttpAuthMiddleware',
 'scrapy.downloadermiddlewares.downloadtimeout.DownloadTimeoutMiddleware',
 'scrapy.downloadermiddlewares.defaultheaders.DefaultHeadersMiddleware',
 'scrapy.downloadermiddlewares.useragent.UserAgentMiddleware',
 'scrapy.downloadermiddlewares.retry.RetryMiddleware',
 'scrapy.downloadermiddlewares.redirect.MetaRefreshMiddleware',
 'scrapy.downloadermiddlewares.httpcompression.HttpCompressionMiddleware',
 'scrapy.downloadermiddlewares.redirect.RedirectMiddleware',
 'scrapy.downloadermiddlewares.cookies.CookiesMiddleware',
 'scrapy.downloadermiddlewares.httpproxy.HttpProxyMiddleware',
 'scrapy.downloadermiddlewares.stats.DownloaderStats']
2021-04-13 23:29:32 [scrapy.middleware] INFO: Enabled spider middlewares:
['scrapy.spidermiddlewares.httperror.HttpErrorMiddleware',
 'scrapy.spidermiddlewares.offsite.OffsiteMiddleware',
 'scrapy.spidermiddlewares.referer.RefererMiddleware',
 'scrapy.spidermiddlewares.urllength.UrlLengthMiddleware',
 'scrapy.spidermiddlewares.depth.DepthMiddleware']
2021-04-13 23:29:32 [scrapy.middleware] INFO: Enabled item pipelines:
[]
2021-04-13 23:29:32 [scrapy.core.engine] INFO: Spider opened
2021-04-13 23:29:32 [scrapy.extensions.logstats] INFO: Crawled 0 pages (at 0 pages/min), scraped 0 items (at 0 items/min)
2021-04-13 23:29:32 [scrapy.extensions.telnet] INFO: Telnet console listening on 127.0.0.1:6023
2021-04-13 23:29:34 [scrapy.core.scraper] ERROR: Spider error processing <GET https://manhua.fzdm.com> (referer: None)
Traceback (most recent call last):
  File "/Users/liaoshijie/Library/Python/3.8/lib/python/site-packages/twisted/internet/defer.py", line 662, in _runCallbacks
    current.result = callback(current.result, *args, **kw)
  File "/Users/liaoshijie/Library/Python/3.8/lib/python/site-packages/scrapy/spiders/__init__.py", line 93, in parse
    raise NotImplementedError(f'{self.__class__.__name__}.parse callback is not defined')
NotImplementedError: ComicSpider.parse callback is not defined
2021-04-13 23:29:34 [scrapy.core.engine] INFO: Closing spider (finished)
2021-04-13 23:29:34 [scrapy.statscollectors] INFO: Dumping Scrapy stats:
{'downloader/request_bytes': 215,
 'downloader/request_count': 1,
 'downloader/request_method_count/GET': 1,
 'downloader/response_bytes': 9747,
 'downloader/response_count': 1,
 'downloader/response_status_count/200': 1,
 'elapsed_time_seconds': 1.720516,
 'finish_reason': 'finished',
 'finish_time': datetime.datetime(2021, 4, 13, 15, 29, 34, 622253),
 'httpcompression/response_bytes': 47861,
 'httpcompression/response_count': 1,
 'log_count/ERROR': 1,
 'log_count/INFO': 10,
 'memusage/max': 51458048,
 'memusage/startup': 51458048,
 'response_received_count': 1,
 'scheduler/dequeued': 1,
 'scheduler/dequeued/memory': 1,
 'scheduler/enqueued': 1,
 'scheduler/enqueued/memory': 1,
 'spider_exceptions/NotImplementedError': 1,
 'start_time': datetime.datetime(2021, 4, 13, 15, 29, 32, 901737)}
2021-04-13 23:29:34 [scrapy.core.engine] INFO: Spider closed (finished)
